<?xml version="1.0" encoding="UTF-8" ?>
<testsuite tests="4" failures="0" name="hr.fer.zemris.math.Vector2DTest" time="0" errors="0" skipped="0">
  <properties>
[...]
</properties>
  <testcase classname="hr.fer.zemris.math.Vector2DTest" name="scaleTest" time="0"/>
  <testcase classname="hr.fer.zemris.math.Vector2DTest" name="illegalTranslateTest" time="0"/>
  <testcase classname="hr.fer.zemris.math.Vector2DTest" name="rotateTest" time="0"/>
  <testcase classname="hr.fer.zemris.math.Vector2DTest" name="translateTest" time="0"/>
</testsuite>